---------------------------------------------------------------
[ 2017-10-13T22:34:14+08:00 ] 127.0.0.1 127.0.0.1 GET /
[ info ] admin.bjb.com/ [运行时间：0.071191s][吞吐率：14.05req/s] [内存消耗：4,421.88kb] [文件加载：47]
[ info ] [ BIND ] 'jzadmin'
[ info ] [ ROUTE ] array (
  'type' => 'module',
  'module' => 
  array (
    0 => 'jzadmin',
    1 => NULL,
    2 => NULL,
  ),
)
[ info ] [ HEADER ] array (
  'host' => 'admin.bjb.com',
  'connection' => 'keep-alive',
  'upgrade-insecure-requests' => '1',
  'user-agent' => 'Mozilla/5.0 (Windows NT 10.0; WOW64) AppleWebKit/537.36 (KHTML, like Gecko) Chrome/59.0.3071.115 Safari/537.36',
  'accept' => 'text/html,application/xhtml+xml,application/xml;q=0.9,image/webp,image/apng,*/*;q=0.8',
  'accept-encoding' => 'gzip, deflate',
  'accept-language' => 'zh-CN,zh;q=0.8',
)
[ info ] [ PARAM ] array (
)
[ info ] [ DB ] INIT mysql
[ info ] [ SESSION ] INIT array (
  'id' => '',
  'var_session_id' => '',
  'prefix' => 'think',
  'type' => '',
  'auto_start' => true,
)
[ info ] [ LOG ] INIT File
---------------------------------------------------------------
[ 2017-10-13T22:34:14+08:00 ] 127.0.0.1 127.0.0.1 GET /login/index.html
[ info ] admin.bjb.com/login/index.html [运行时间：0.086473s][吞吐率：11.56req/s] [内存消耗：4,764.66kb] [文件加载：52]
[ info ] [ BIND ] 'jzadmin'
[ info ] [ ROUTE ] array (
  'type' => 'module',
  'module' => 
  array (
    0 => 'jzadmin',
    1 => 'login',
    2 => 'index',
  ),
)
[ info ] [ HEADER ] array (
  'host' => 'admin.bjb.com',
  'connection' => 'keep-alive',
  'upgrade-insecure-requests' => '1',
  'user-agent' => 'Mozilla/5.0 (Windows NT 10.0; WOW64) AppleWebKit/537.36 (KHTML, like Gecko) Chrome/59.0.3071.115 Safari/537.36',
  'accept' => 'text/html,application/xhtml+xml,application/xml;q=0.9,image/webp,image/apng,*/*;q=0.8',
  'accept-encoding' => 'gzip, deflate',
  'accept-language' => 'zh-CN,zh;q=0.8',
  'cookie' => 'PHPSESSID=th4227bubo5qvfpa98gpe169r4',
)
[ info ] [ PARAM ] array (
)
[ info ] [ RUN ] app\jzadmin\controller\Login->index[ D:\wamp64\www\www.bjb.com\apps\jzadmin\controller\Login.php ]
[ info ] [ DB ] INIT mysql
[ info ] [ SESSION ] INIT array (
  'id' => '',
  'var_session_id' => '',
  'prefix' => 'think',
  'type' => '',
  'auto_start' => true,
)
[ info ] [ VIEW ] D:\wamp64\www\www.bjb.com\public/../apps/jzadmin\view\login\index.html [ array (
) ]
[ info ] [ LOG ] INIT File
[ error ] [1]Call to undefined function captcha_src()[D:\wamp64\www\www.bjb.com\runtime\temp\fd7cb9df7ec368f1c3b58426ea682ac5.php:58]
---------------------------------------------------------------
[ 2017-10-13T22:34:14+08:00 ] 127.0.0.1 127.0.0.1 GET /favicon.ico
[ info ] admin.bjb.com/favicon.ico [运行时间：0.038706s][吞吐率：25.84req/s] [内存消耗：1,933.32kb] [文件加载：31]
[ info ] [ BIND ] 'jzadmin'
[ info ] [ ROUTE ] array (
  'type' => 'module',
  'module' => 
  array (
    0 => 'jzadmin',
    1 => 'favicon.ico',
    2 => NULL,
  ),
)
[ info ] [ HEADER ] array (
  'host' => 'admin.bjb.com',
  'connection' => 'keep-alive',
  'user-agent' => 'Mozilla/5.0 (Windows NT 10.0; WOW64) AppleWebKit/537.36 (KHTML, like Gecko) Chrome/59.0.3071.115 Safari/537.36',
  'accept' => 'image/webp,image/apng,image/*,*/*;q=0.8',
  'referer' => 'http://admin.bjb.com/login/index.html',
  'accept-encoding' => 'gzip, deflate',
  'accept-language' => 'zh-CN,zh;q=0.8',
  'cookie' => 'PHPSESSID=th4227bubo5qvfpa98gpe169r4',
)
[ info ] [ PARAM ] array (
)
[ info ] [ LOG ] INIT File
---------------------------------------------------------------
[ 2017-10-13T22:34:52+08:00 ] 127.0.0.1 127.0.0.1 GET /
[ info ] api.bjb.com/ [运行时间：0.061651s][吞吐率：16.22req/s] [内存消耗：2,209.02kb] [文件加载：33]
[ info ] [ BIND ] 'api'
[ info ] [ ROUTE ] array (
  'type' => 'module',
  'module' => 
  array (
    0 => 'api',
    1 => NULL,
    2 => NULL,
  ),
)
[ info ] [ HEADER ] array (
  'host' => 'api.bjb.com',
  'connection' => 'keep-alive',
  'upgrade-insecure-requests' => '1',
  'user-agent' => 'Mozilla/5.0 (Windows NT 10.0; WOW64) AppleWebKit/537.36 (KHTML, like Gecko) Chrome/59.0.3071.115 Safari/537.36',
  'accept' => 'text/html,application/xhtml+xml,application/xml;q=0.9,image/webp,image/apng,*/*;q=0.8',
  'accept-encoding' => 'gzip, deflate',
  'accept-language' => 'zh-CN,zh;q=0.8',
)
[ info ] [ PARAM ] array (
)
[ info ] [ LANG ] D:\wamp64\www\www.bjb.com\public/../apps/api\lang\cn.php
[ info ] [ LOG ] INIT File
---------------------------------------------------------------
[ 2017-10-13T22:34:52+08:00 ] 127.0.0.1 127.0.0.1 GET /favicon.ico
[ info ] api.bjb.com/favicon.ico [运行时间：0.023045s][吞吐率：43.39req/s] [内存消耗：1,918.69kb] [文件加载：31]
[ info ] [ BIND ] 'api'
[ info ] [ ROUTE ] array (
  'type' => 'module',
  'module' => 
  array (
    0 => 'api',
    1 => 'favicon.ico',
    2 => NULL,
  ),
)
[ info ] [ HEADER ] array (
  'host' => 'api.bjb.com',
  'connection' => 'keep-alive',
  'user-agent' => 'Mozilla/5.0 (Windows NT 10.0; WOW64) AppleWebKit/537.36 (KHTML, like Gecko) Chrome/59.0.3071.115 Safari/537.36',
  'accept' => 'image/webp,image/apng,image/*,*/*;q=0.8',
  'referer' => 'http://api.bjb.com/',
  'accept-encoding' => 'gzip, deflate',
  'accept-language' => 'zh-CN,zh;q=0.8',
)
[ info ] [ PARAM ] array (
)
[ info ] [ LANG ] D:\wamp64\www\www.bjb.com\public/../apps/api\lang\cn.php
[ info ] [ LOG ] INIT File
---------------------------------------------------------------
[ 2017-10-13T22:34:54+08:00 ] 127.0.0.1 127.0.0.1 GET /
[ info ] api.bjb.com/ [运行时间：0.022746s][吞吐率：43.96req/s] [内存消耗：2,209.13kb] [文件加载：33]
[ info ] [ BIND ] 'api'
[ info ] [ ROUTE ] array (
  'type' => 'module',
  'module' => 
  array (
    0 => 'api',
    1 => NULL,
    2 => NULL,
  ),
)
[ info ] [ HEADER ] array (
  'host' => 'api.bjb.com',
  'connection' => 'keep-alive',
  'cache-control' => 'max-age=0',
  'upgrade-insecure-requests' => '1',
  'user-agent' => 'Mozilla/5.0 (Windows NT 10.0; WOW64) AppleWebKit/537.36 (KHTML, like Gecko) Chrome/59.0.3071.115 Safari/537.36',
  'accept' => 'text/html,application/xhtml+xml,application/xml;q=0.9,image/webp,image/apng,*/*;q=0.8',
  'accept-encoding' => 'gzip, deflate',
  'accept-language' => 'zh-CN,zh;q=0.8',
)
[ info ] [ PARAM ] array (
)
[ info ] [ LANG ] D:\wamp64\www\www.bjb.com\public/../apps/api\lang\cn.php
[ info ] [ LOG ] INIT File
---------------------------------------------------------------
[ 2017-10-13T22:34:55+08:00 ] 127.0.0.1 127.0.0.1 GET /
[ info ] api.bjb.com/ [运行时间：0.021067s][吞吐率：47.47req/s] [内存消耗：2,209.13kb] [文件加载：33]
[ info ] [ BIND ] 'api'
[ info ] [ ROUTE ] array (
  'type' => 'module',
  'module' => 
  array (
    0 => 'api',
    1 => NULL,
    2 => NULL,
  ),
)
[ info ] [ HEADER ] array (
  'host' => 'api.bjb.com',
  'connection' => 'keep-alive',
  'cache-control' => 'max-age=0',
  'upgrade-insecure-requests' => '1',
  'user-agent' => 'Mozilla/5.0 (Windows NT 10.0; WOW64) AppleWebKit/537.36 (KHTML, like Gecko) Chrome/59.0.3071.115 Safari/537.36',
  'accept' => 'text/html,application/xhtml+xml,application/xml;q=0.9,image/webp,image/apng,*/*;q=0.8',
  'accept-encoding' => 'gzip, deflate',
  'accept-language' => 'zh-CN,zh;q=0.8',
)
[ info ] [ PARAM ] array (
)
[ info ] [ LANG ] D:\wamp64\www\www.bjb.com\public/../apps/api\lang\cn.php
[ info ] [ LOG ] INIT File
---------------------------------------------------------------
[ 2017-10-13T23:08:32+08:00 ] 127.0.0.1 127.0.0.1 GET /
[ info ] api.bjb.com/ [运行时间：0.024800s][吞吐率：40.32req/s] [内存消耗：2,209.13kb] [文件加载：33]
[ info ] [ BIND ] 'api'
[ info ] [ ROUTE ] array (
  'type' => 'module',
  'module' => 
  array (
    0 => 'api',
    1 => NULL,
    2 => NULL,
  ),
)
[ info ] [ HEADER ] array (
  'host' => 'api.bjb.com',
  'connection' => 'keep-alive',
  'cache-control' => 'max-age=0',
  'upgrade-insecure-requests' => '1',
  'user-agent' => 'Mozilla/5.0 (Windows NT 10.0; WOW64) AppleWebKit/537.36 (KHTML, like Gecko) Chrome/59.0.3071.115 Safari/537.36',
  'accept' => 'text/html,application/xhtml+xml,application/xml;q=0.9,image/webp,image/apng,*/*;q=0.8',
  'accept-encoding' => 'gzip, deflate',
  'accept-language' => 'zh-CN,zh;q=0.8',
)
[ info ] [ PARAM ] array (
)
[ info ] [ LANG ] D:\wamp64\www\www.bjb.com\public/../apps/api\lang\cn.php
[ info ] [ LOG ] INIT File
---------------------------------------------------------------
[ 2017-10-13T23:34:54+08:00 ] 127.0.0.1 127.0.0.1 GET /
[ info ] api.bjb.com/ [运行时间：0.025264s][吞吐率：39.58req/s] [内存消耗：2,209.13kb] [文件加载：33]
[ info ] [ BIND ] 'api'
[ info ] [ ROUTE ] array (
  'type' => 'module',
  'module' => 
  array (
    0 => 'api',
    1 => NULL,
    2 => NULL,
  ),
)
[ info ] [ HEADER ] array (
  'host' => 'api.bjb.com',
  'connection' => 'keep-alive',
  'cache-control' => 'max-age=0',
  'upgrade-insecure-requests' => '1',
  'user-agent' => 'Mozilla/5.0 (Windows NT 10.0; WOW64) AppleWebKit/537.36 (KHTML, like Gecko) Chrome/59.0.3071.115 Safari/537.36',
  'accept' => 'text/html,application/xhtml+xml,application/xml;q=0.9,image/webp,image/apng,*/*;q=0.8',
  'accept-encoding' => 'gzip, deflate',
  'accept-language' => 'zh-CN,zh;q=0.8',
)
[ info ] [ PARAM ] array (
)
[ info ] [ LANG ] D:\wamp64\www\www.bjb.com\public/../apps/api\lang\cn.php
[ info ] [ LOG ] INIT File
---------------------------------------------------------------
[ 2017-10-13T23:34:55+08:00 ] 127.0.0.1 127.0.0.1 GET /
[ info ] api.bjb.com/ [运行时间：0.020446s][吞吐率：48.91req/s] [内存消耗：2,209.13kb] [文件加载：33]
[ info ] [ BIND ] 'api'
[ info ] [ ROUTE ] array (
  'type' => 'module',
  'module' => 
  array (
    0 => 'api',
    1 => NULL,
    2 => NULL,
  ),
)
[ info ] [ HEADER ] array (
  'host' => 'api.bjb.com',
  'connection' => 'keep-alive',
  'cache-control' => 'max-age=0',
  'upgrade-insecure-requests' => '1',
  'user-agent' => 'Mozilla/5.0 (Windows NT 10.0; WOW64) AppleWebKit/537.36 (KHTML, like Gecko) Chrome/59.0.3071.115 Safari/537.36',
  'accept' => 'text/html,application/xhtml+xml,application/xml;q=0.9,image/webp,image/apng,*/*;q=0.8',
  'accept-encoding' => 'gzip, deflate',
  'accept-language' => 'zh-CN,zh;q=0.8',
)
[ info ] [ PARAM ] array (
)
[ info ] [ LANG ] D:\wamp64\www\www.bjb.com\public/../apps/api\lang\cn.php
[ info ] [ LOG ] INIT File
